<?xml version="1.0" encoding="UTF-8"?>
<testng-results ignored="0" total="1" passed="1" failed="0" skipped="0">
  <reporter-output>
  </reporter-output>
  <suite started-at="2022-01-06T15:21:45 IST" name="Smoke" finished-at="2022-01-06T15:21:52 IST" duration-ms="6771">
    <groups>
    </groups>
    <test started-at="2022-01-06T15:21:45 IST" name="TCLKImmediate" finished-at="2022-01-06T15:21:52 IST" duration-ms="6771">
      <class name="com.mcd.qa.LKTestCases.TCLKImmediate">
        <test-method is-config="true" signature="setup()[pri:0, instance:com.mcd.qa.LKTestCases.TCLKImmediate@f381794]" started-at="2022-01-06T15:21:45 IST" name="setup" finished-at="2022-01-06T15:21:47 IST" duration-ms="2078" status="PASS">
          <reporter-output>
          </reporter-output>
        </test-method> <!-- setup -->
        <test-method signature="LKTCImmediateOrder()[pri:0, instance:com.mcd.qa.LKTestCases.TCLKImmediate@f381794]" started-at="2022-01-06T15:21:47 IST" name="LKTCImmediateOrder" finished-at="2022-01-06T15:21:51 IST" duration-ms="3846" status="PASS">
          <reporter-output>
          </reporter-output>
        </test-method> <!-- LKTCImmediateOrder -->
        <test-method is-config="true" signature="teardown()[pri:0, instance:com.mcd.qa.LKTestCases.TCLKImmediate@f381794]" started-at="2022-01-06T15:21:51 IST" name="teardown" finished-at="2022-01-06T15:21:52 IST" duration-ms="688" status="PASS">
          <reporter-output>
          </reporter-output>
        </test-method> <!-- teardown -->
      </class> <!-- com.mcd.qa.LKTestCases.TCLKImmediate -->
    </test> <!-- TCLKImmediate -->
  </suite> <!-- Smoke -->
</testng-results>
